\BOOKMARK [0][-]{chapter*.2}{Introduction}{}% 1
\BOOKMARK [0][-]{chapter.1}{Historia de la animaci\363n}{}% 2
\BOOKMARK [0][-]{chapter.2}{Historia de modelos de animaci\363n en computaci\363n}{}% 3
\BOOKMARK [1][-]{section.2.1}{Hitchcock\220s Vertigo \(1958\)}{chapter.2}% 4
\BOOKMARK [1][-]{section.2.2}{Computer Sketchpad \(1962\)}{chapter.2}% 5
\BOOKMARK [1][-]{section.2.3}{Computer Animated Hand \(1972\)}{chapter.2}% 6
\BOOKMARK [1][-]{section.2.4}{Adam Powers, The Juggler \(1981\)}{chapter.2}% 7
\BOOKMARK [1][-]{section.2.5}{Immersion \(1994\)}{chapter.2}% 8
\BOOKMARK [1][-]{section.2.6}{Toy Story \(1995\)}{chapter.2}% 9
\BOOKMARK [0][-]{chapter.3}{Principios de la animaci\363n}{}% 10
\BOOKMARK [1][-]{section.3.1}{Aplastar y estirar \(Squash and Stretch\)}{chapter.3}% 11
\BOOKMARK [1][-]{section.3.2}{Anticipacion \(Anticipation\) }{chapter.3}% 12
\BOOKMARK [1][-]{section.3.3}{Puesta en escena \(Staging\)}{chapter.3}% 13
\BOOKMARK [1][-]{section.3.4}{Animaci\363n directa y pose a pose \(Straight Ahead Action and Pose to Pose\)}{chapter.3}% 14
\BOOKMARK [1][-]{section.3.5}{Acciones complementarias y superpuestas \(``Follow Through and Overlapping Action''\)}{chapter.3}% 15
\BOOKMARK [1][-]{section.3.6}{Acelerar y desacelerar ``Slow in and slow out''}{chapter.3}% 16
\BOOKMARK [1][-]{section.3.7}{Arcos ``Arcs''}{chapter.3}% 17
\BOOKMARK [1][-]{section.3.8}{Acci\363n secundaria ``Secondary Action''}{chapter.3}% 18
\BOOKMARK [1][-]{section.3.9}{Sincronizaci\363n ``Timing''}{chapter.3}% 19
\BOOKMARK [1][-]{section.3.10}{Exageraci\363n ``Exaggeration''}{chapter.3}% 20
\BOOKMARK [1][-]{section.3.11}{Dibujo s\363lido ``Solid Drawing''}{chapter.3}% 21
\BOOKMARK [1][-]{section.3.12}{Atractivo ``Appeal''}{chapter.3}% 22
\BOOKMARK [0][-]{chapter.4}{Animaci\363n basada en geometr\355a}{}% 23
\BOOKMARK [1][-]{section.4.1}{Animaci\363n cuadro por cuadro}{chapter.4}% 24
\BOOKMARK [1][-]{section.4.2}{Captura de Movimiento}{chapter.4}% 25
\BOOKMARK [0][-]{chapter.5}{Animaci\363n basada en f\355sica}{}% 26
\BOOKMARK [1][-]{section.5.1}{Sistema de part\355culas}{chapter.5}% 27
\BOOKMARK [0][-]{chapter.6}{Animaci\363n basada en comportamiento}{}% 28
\BOOKMARK [0][-]{chapter.7}{Conclusi\363n}{}% 29
