This is pdfTeX, Version 3.14159265-2.6-1.40.21 (MiKTeX 2.9.7300 64-bit) (preloaded format=pdflatex 2020.2.26)  22 MAR 2020 16:10
entering extended mode
**"c:/Users/heide/Desktop/ICG/Exposicion/Modelos de animacion/Modelos de animacion.tex"
("c:/Users/heide/Desktop/ICG/Exposicion/Modelos de animacion/Modelos de animacion.tex"
LaTeX2e <2020-02-02> patch level 4
L3 programming layer <2020-02-21> ("C:\Users\heide\AppData\Local\Programs\MiKTeX 2.9\tex/latex/base\report.cls"
Document Class: report 2019/12/20 v1.4l Standard LaTeX document class
("C:\Users\heide\AppData\Local\Programs\MiKTeX 2.9\tex/latex/base\size12.clo"
File: size12.clo 2019/12/20 v1.4l Standard LaTeX file (size option)
)
\c@part=\count167
\c@chapter=\count168
\c@section=\count169
\c@subsection=\count170
\c@subsubsection=\count171
\c@paragraph=\count172
\c@subparagraph=\count173
\c@figure=\count174
\c@table=\count175
\abovecaptionskip=\skip47
\belowcaptionskip=\skip48
\bibindent=\dimen134
) ("C:\Users\heide\AppData\Local\Programs\MiKTeX 2.9\tex/latex/base\inputenc.sty"
Package: inputenc 2018/08/11 v1.3c Input encoding file
\inpenc@prehook=\toks14
\inpenc@posthook=\toks15
 ("C:\Users\heide\AppData\Local\Programs\MiKTeX 2.9\tex/latex/ucs\utf8x.def"
File: utf8x.def 2004/10/17 UCS: Input encoding UTF-8
)) ("C:\Users\heide\AppData\Local\Programs\MiKTeX 2.9\tex/latex/ucs\ucs.sty"
Package: ucs 2013/05/11 v2.2 UCS: Unicode input support
 ("C:\Users\heide\AppData\Local\Programs\MiKTeX 2.9\tex/latex/ucs\uni-global.def"
File: uni-global.def 2013/05/13 UCS: Unicode global data
)
\uc@secondtry=\count176
\uc@combtoks=\toks16
\uc@combtoksb=\toks17
\uc@temptokena=\toks18
) ("C:\Users\heide\AppData\Local\Programs\MiKTeX 2.9\tex/generic/babel\babel.sty"
Package: babel 2020/02/14 3.40 The Babel package
 ("C:\Users\heide\AppData\Local\Programs\MiKTeX 2.9\tex/generic/babel\switch.def"
File: switch.def 2020/02/14 3.40 Babel switching mechanism
)
*************************************
* Local config file bblopts.cfg used
*
("C:\Users\heide\AppData\Local\Programs\MiKTeX 2.9\tex/latex/arabi\bblopts.cfg"
File: bblopts.cfg 2005/09/08 v0.1 add Arabic and Farsi to "declared" options of babel
) ("C:\Users\heide\AppData\Local\Programs\MiKTeX 2.9\tex/latex/babel-spanish\spanish.ldf"
Language: spanish.ldf 2016/03/03 v5.0p Spanish support from the babel system
 ("C:\Users\heide\AppData\Local\Programs\MiKTeX 2.9\tex/generic/babel\babel.def"
File: babel.def 2020/02/14 3.40 Babel common definitions
\babel@savecnt=\count177
\U@D=\dimen135
 ("C:\Users\heide\AppData\Local\Programs\MiKTeX 2.9\tex/generic/babel\txtbabel.def")
\bbl@readstream=\read2
\bbl@dirlevel=\count178
)
\es@quottoks=\toks19
\es@quotdepth=\count179
Package babel Info: Making " an active character on input line 561.
Package babel Info: Making . an active character on input line 662.
Package babel Info: Making < an active character on input line 707.
Package babel Info: Making > an active character on input line 707.
)) ("C:\Users\heide\AppData\Local\Programs\MiKTeX 2.9\tex/latex/hyperref\hyperref.sty"
Package: hyperref 2020/01/14 v7.00d Hypertext links for LaTeX
 ("C:\Users\heide\AppData\Local\Programs\MiKTeX 2.9\tex/generic/ltxcmds\ltxcmds.sty"
Package: ltxcmds 2019/12/15 v1.24 LaTeX kernel commands for general use (HO)
) ("C:\Users\heide\AppData\Local\Programs\MiKTeX 2.9\tex/generic/iftex\iftex.sty"
Package: iftex 2019/11/07 v1.0c TeX engine tests
) ("C:\Users\heide\AppData\Local\Programs\MiKTeX 2.9\tex/latex/pdftexcmds\pdftexcmds.sty"
Package: pdftexcmds 2019/11/24 v0.31 Utility functions of pdfTeX for LuaTeX (HO)
 ("C:\Users\heide\AppData\Local\Programs\MiKTeX 2.9\tex/generic/infwarerr\infwarerr.sty"
Package: infwarerr 2019/12/03 v1.5 Providing info/warning/error messages (HO)
)
Package pdftexcmds Info: \pdf@primitive is available.
Package pdftexcmds Info: \pdf@ifprimitive is available.
Package pdftexcmds Info: \pdfdraftmode found.
) ("C:\Users\heide\AppData\Local\Programs\MiKTeX 2.9\tex/latex/graphics\keyval.sty"
Package: keyval 2014/10/28 v1.15 key=value parser (DPC)
\KV@toks@=\toks20
) ("C:\Users\heide\AppData\Local\Programs\MiKTeX 2.9\tex/generic/kvsetkeys\kvsetkeys.sty"
Package: kvsetkeys 2019/12/15 v1.18 Key value parser (HO)
) ("C:\Users\heide\AppData\Local\Programs\MiKTeX 2.9\tex/generic/kvdefinekeys\kvdefinekeys.sty"
Package: kvdefinekeys 2019-12-19 v1.6 Define keys (HO)
) ("C:\Users\heide\AppData\Local\Programs\MiKTeX 2.9\tex/generic/pdfescape\pdfescape.sty"
Package: pdfescape 2019/12/09 v1.15 Implements pdfTeX's escape features (HO)
) ("C:\Users\heide\AppData\Local\Programs\MiKTeX 2.9\tex/latex/hycolor\hycolor.sty"
Package: hycolor 2020-01-27 v1.10 Color options for hyperref/bookmark (HO)
) ("C:\Users\heide\AppData\Local\Programs\MiKTeX 2.9\tex/latex/letltxmacro\letltxmacro.sty"
Package: letltxmacro 2019/12/03 v1.6 Let assignment for LaTeX macros (HO)
) ("C:\Users\heide\AppData\Local\Programs\MiKTeX 2.9\tex/latex/auxhook\auxhook.sty"
Package: auxhook 2019-12-17 v1.6 Hooks for auxiliary files (HO)
) ("C:\Users\heide\AppData\Local\Programs\MiKTeX 2.9\tex/latex/kvoptions\kvoptions.sty"
Package: kvoptions 2019/11/29 v3.13 Key value format for package options (HO)
)
\@linkdim=\dimen136
\Hy@linkcounter=\count180
\Hy@pagecounter=\count181
 ("C:\Users\heide\AppData\Local\Programs\MiKTeX 2.9\tex/latex/hyperref\pd1enc.def"
File: pd1enc.def 2020/01/14 v7.00d Hyperref: PDFDocEncoding definition (HO)
) ("C:\Users\heide\AppData\Local\Programs\MiKTeX 2.9\tex/generic/intcalc\intcalc.sty"
Package: intcalc 2019/12/15 v1.3 Expandable calculations with integers (HO)
) ("C:\Users\heide\AppData\Local\Programs\MiKTeX 2.9\tex/generic/etexcmds\etexcmds.sty"
Package: etexcmds 2019/12/15 v1.7 Avoid name clashes with e-TeX commands (HO)
)
\Hy@SavedSpaceFactor=\count182
Package hyperref Info: Hyper figures OFF on input line 4547.
Package hyperref Info: Link nesting OFF on input line 4552.
Package hyperref Info: Hyper index ON on input line 4555.
Package hyperref Info: Plain pages OFF on input line 4562.
Package hyperref Info: Backreferencing OFF on input line 4567.
Package hyperref Info: Implicit mode ON; LaTeX internals redefined.
Package hyperref Info: Bookmarks ON on input line 4800.
\c@Hy@tempcnt=\count183
 ("C:\Users\heide\AppData\Local\Programs\MiKTeX 2.9\tex/latex/url\url.sty"
\Urlmuskip=\muskip16
Package: url 2013/09/16  ver 3.4  Verb mode for urls, etc.
)
LaTeX Info: Redefining \url on input line 5159.
\XeTeXLinkMargin=\dimen137
 ("C:\Users\heide\AppData\Local\Programs\MiKTeX 2.9\tex/generic/bitset\bitset.sty"
Package: bitset 2019/12/09 v1.3 Handle bit-vector datatype (HO)
 ("C:\Users\heide\AppData\Local\Programs\MiKTeX 2.9\tex/generic/bigintcalc\bigintcalc.sty"
Package: bigintcalc 2019/12/15 v1.5 Expandable calculations on big integers (HO)
))
\Fld@menulength=\count184
\Field@Width=\dimen138
\Fld@charsize=\dimen139
Package hyperref Info: Hyper figures OFF on input line 6430.
Package hyperref Info: Link nesting OFF on input line 6435.
Package hyperref Info: Hyper index ON on input line 6438.
Package hyperref Info: backreferencing OFF on input line 6445.
Package hyperref Info: Link coloring OFF on input line 6450.
Package hyperref Info: Link coloring with OCG OFF on input line 6455.
Package hyperref Info: PDF/A mode OFF on input line 6460.
LaTeX Info: Redefining \ref on input line 6500.
LaTeX Info: Redefining \pageref on input line 6504.
 ("C:\Users\heide\AppData\Local\Programs\MiKTeX 2.9\tex/generic/atbegshi\atbegshi.sty"
Package: atbegshi 2019/12/05 v1.19 At begin shipout hook (HO)
)
\Hy@abspage=\count185
\c@Item=\count186
\c@Hfootnote=\count187
)
Package hyperref Info: Driver (autodetected): hpdftex.
 ("C:\Users\heide\AppData\Local\Programs\MiKTeX 2.9\tex/latex/hyperref\hpdftex.def"
File: hpdftex.def 2020/01/14 v7.00d Hyperref driver for pdfTeX
 ("C:\Users\heide\AppData\Local\Programs\MiKTeX 2.9\tex/latex/atveryend\atveryend.sty"
Package: atveryend 2019-12-11 v1.11 Hooks at the very end of document (HO)
Package atveryend Info: \enddocument detected (standard20110627).
)
\Fld@listcount=\count188
\c@bookmark@seq@number=\count189
 ("C:\Users\heide\AppData\Local\Programs\MiKTeX 2.9\tex/latex/rerunfilecheck\rerunfilecheck.sty"
Package: rerunfilecheck 2019/12/05 v1.9 Rerun checks for auxiliary files (HO)
 ("C:\Users\heide\AppData\Local\Programs\MiKTeX 2.9\tex/generic/uniquecounter\uniquecounter.sty"
Package: uniquecounter 2019/12/15 v1.4 Provide unlimited unique counter (HO)
)
Package uniquecounter Info: New unique counter `rerunfilecheck' on input line 286.
)
\Hy@SectionHShift=\skip49
) ("C:\Users\heide\AppData\Local\Programs\MiKTeX 2.9\tex/latex/amsmath\amsmath.sty"
Package: amsmath 2020/01/20 v2.17e AMS math features
\@mathmargin=\skip50

For additional information on amsmath, use the `?' option.
("C:\Users\heide\AppData\Local\Programs\MiKTeX 2.9\tex/latex/amsmath\amstext.sty"
Package: amstext 2000/06/29 v2.01 AMS text
 ("C:\Users\heide\AppData\Local\Programs\MiKTeX 2.9\tex/latex/amsmath\amsgen.sty"
File: amsgen.sty 1999/11/30 v2.0 generic functions
\@emptytoks=\toks21
\ex@=\dimen140
)) ("C:\Users\heide\AppData\Local\Programs\MiKTeX 2.9\tex/latex/amsmath\amsbsy.sty"
Package: amsbsy 1999/11/29 v1.2d Bold Symbols
\pmbraise@=\dimen141
) ("C:\Users\heide\AppData\Local\Programs\MiKTeX 2.9\tex/latex/amsmath\amsopn.sty"
Package: amsopn 2016/03/08 v2.02 operator names
)
\inf@bad=\count190
LaTeX Info: Redefining \frac on input line 227.
\uproot@=\count191
\leftroot@=\count192
LaTeX Info: Redefining \overline on input line 389.
\classnum@=\count193
\DOTSCASE@=\count194
LaTeX Info: Redefining \ldots on input line 486.
LaTeX Info: Redefining \dots on input line 489.
LaTeX Info: Redefining \cdots on input line 610.
\Mathstrutbox@=\box45
\strutbox@=\box46
\big@size=\dimen142
LaTeX Font Info:    Redeclaring font encoding OML on input line 733.
LaTeX Font Info:    Redeclaring font encoding OMS on input line 734.
\macc@depth=\count195
\c@MaxMatrixCols=\count196
\dotsspace@=\muskip17
\c@parentequation=\count197
\dspbrk@lvl=\count198
\tag@help=\toks22
\row@=\count199
\column@=\count266
\maxfields@=\count267
\andhelp@=\toks23
\eqnshift@=\dimen143
\alignsep@=\dimen144
\tagshift@=\dimen145
\tagwidth@=\dimen146
\totwidth@=\dimen147
\lineht@=\dimen148
\@envbody=\toks24
\multlinegap=\skip51
\multlinetaggap=\skip52
\mathdisplay@stack=\toks25
LaTeX Info: Redefining \[ on input line 2859.
LaTeX Info: Redefining \] on input line 2860.
) ("C:\Users\heide\AppData\Local\Programs\MiKTeX 2.9\tex/latex/titling\titling.sty"
Package: titling 2009/09/04 v2.1d maketitle typesetting
\thanksmarkwidth=\skip53
\thanksmargin=\skip54
\droptitle=\skip55
) ("C:\Users\heide\AppData\Local\Programs\MiKTeX 2.9\tex/latex/microtype\microtype.sty"
Package: microtype 2019/11/18 v2.7d Micro-typographical refinements (RS)
\MT@toks=\toks26
\MT@count=\count268
LaTeX Info: Redefining \textls on input line 790.
\MT@outer@kern=\dimen149
LaTeX Info: Redefining \textmicrotypecontext on input line 1354.
\MT@listname@count=\count269
 ("C:\Users\heide\AppData\Local\Programs\MiKTeX 2.9\tex/latex/microtype\microtype-pdftex.def"
File: microtype-pdftex.def 2019/11/18 v2.7d Definitions specific to pdftex (RS)
LaTeX Info: Redefining \lsstyle on input line 914.
LaTeX Info: Redefining \lslig on input line 914.
\MT@outer@space=\skip56
)
Package microtype Info: Loading configuration file microtype.cfg.
 ("C:\Users\heide\AppData\Local\Programs\MiKTeX 2.9\tex/latex/microtype\microtype.cfg"
File: microtype.cfg 2019/11/18 v2.7d microtype main configuration file (RS)
)) ("C:\Users\heide\AppData\Local\Programs\MiKTeX 2.9\tex/latex/graphics\graphicx.sty"
Package: graphicx 2019/11/30 v1.2a Enhanced LaTeX Graphics (DPC,SPQR)
 ("C:\Users\heide\AppData\Local\Programs\MiKTeX 2.9\tex/latex/graphics\graphics.sty"
Package: graphics 2019/11/30 v1.4a Standard LaTeX Graphics (DPC,SPQR)
 ("C:\Users\heide\AppData\Local\Programs\MiKTeX 2.9\tex/latex/graphics\trig.sty"
Package: trig 2016/01/03 v1.10 sin cos tan (DPC)
) ("C:\Users\heide\AppData\Local\Programs\MiKTeX 2.9\tex/latex/graphics-cfg\graphics.cfg"
File: graphics.cfg 2016/06/04 v1.11 sample graphics configuration
)
Package graphics Info: Driver file: pdftex.def on input line 105.
 ("C:\Users\heide\AppData\Local\Programs\MiKTeX 2.9\tex/latex/graphics-def\pdftex.def"
File: pdftex.def 2018/01/08 v1.0l Graphics/color driver for pdftex
))
\Gin@req@height=\dimen150
\Gin@req@width=\dimen151
) ("C:\Users\heide\AppData\Local\Programs\MiKTeX 2.9\tex/latex/wrapfig\wrapfig.sty"
\wrapoverhang=\dimen152
\WF@size=\dimen153
\c@WF@wrappedlines=\count270
\WF@box=\box47
\WF@everypar=\toks27
Package: wrapfig 2003/01/31  v 3.6
) ("C:\Users\heide\AppData\Local\Programs\MiKTeX 2.9\tex/latex/enumitem\enumitem.sty"
Package: enumitem 2019/06/20 v3.9 Customized lists
\labelindent=\skip57
\enit@outerparindent=\dimen154
\enit@toks=\toks28
\enit@inbox=\box48
\enit@count@id=\count271
\enitdp@description=\count272
) ("C:\Users\heide\AppData\Local\Programs\MiKTeX 2.9\tex/latex/fancyhdr\fancyhdr.sty"
Package: fancyhdr 2019/01/31 v3.10 Extensive control of page headers and footers
\f@nch@headwidth=\skip58
\f@nch@O@elh=\skip59
\f@nch@O@erh=\skip60
\f@nch@O@olh=\skip61
\f@nch@O@orh=\skip62
\f@nch@O@elf=\skip63
\f@nch@O@erf=\skip64
\f@nch@O@olf=\skip65
\f@nch@O@orf=\skip66
) ("C:\Users\heide\AppData\Local\Programs\MiKTeX 2.9\tex/latex/psnfss\helvet.sty"
Package: helvet 2005/04/12 PSNFSS-v9.2a (WaS) 
) ("C:\Users\heide\AppData\Local\Programs\MiKTeX 2.9\tex/latex/caption\caption.sty"
Package: caption 2020/01/03 v3.4h Customizing captions (AR)
 ("C:\Users\heide\AppData\Local\Programs\MiKTeX 2.9\tex/latex/caption\caption3.sty"
Package: caption3 2020/01/03 v1.8h caption3 kernel (AR)
Package caption3 Info: TeX engine: e-TeX on input line 61.
\captionmargin=\dimen155
\captionmargin@=\dimen156
\captionwidth=\dimen157
\caption@tempdima=\dimen158
\caption@indent=\dimen159
\caption@parindent=\dimen160
\caption@hangindent=\dimen161
Package caption Info: Standard document class detected.
)
\c@caption@flags=\count273
\c@continuedfloat=\count274
Package caption Info: hyperref package is loaded.
Package caption Info: wrapfig package is loaded.
) ("C:\Users\heide\AppData\Local\Programs\MiKTeX 2.9\tex/latex/l3backend\l3backend-pdfmode.def"
File: l3backend-pdfmode.def 2020-02-23 L3 backend support: PDF mode
\l__kernel_color_stack_int=\count275
\l__pdf_internal_box=\box49
) ("c:/Users\heide\Desktop\ICG\Exposicion\Modelos de animacion\Modelos de animacion.aux"
LaTeX Info: Redefining \. on input line 24.
LaTeX Info: Redefining \% on input line 24.
)
\openout1 = `"Modelos de animacion.aux"'.

LaTeX Font Info:    Checking defaults for OML/cmm/m/it on input line 21.
LaTeX Font Info:    ... okay on input line 21.
LaTeX Font Info:    Checking defaults for OMS/cmsy/m/n on input line 21.
LaTeX Font Info:    ... okay on input line 21.
LaTeX Font Info:    Checking defaults for OT1/cmr/m/n on input line 21.
LaTeX Font Info:    ... okay on input line 21.
LaTeX Font Info:    Checking defaults for T1/cmr/m/n on input line 21.
LaTeX Font Info:    ... okay on input line 21.
LaTeX Font Info:    Checking defaults for TS1/cmr/m/n on input line 21.
LaTeX Font Info:    ... okay on input line 21.
LaTeX Font Info:    Checking defaults for OMX/cmex/m/n on input line 21.
LaTeX Font Info:    ... okay on input line 21.
LaTeX Font Info:    Checking defaults for U/cmr/m/n on input line 21.
LaTeX Font Info:    ... okay on input line 21.
LaTeX Font Info:    Checking defaults for PD1/pdf/m/n on input line 21.
LaTeX Font Info:    ... okay on input line 21.
 ("C:\Users\heide\AppData\Local\Programs\MiKTeX 2.9\tex/latex/ucs\ucsencs.def"
File: ucsencs.def 2011/01/21 Fixes to fontencodings LGR, T3
)
LaTeX Info: Redefining \. on input line 21.
LaTeX Info: Redefining \% on input line 21.
\AtBeginShipoutBox=\box50
Package hyperref Info: Link coloring OFF on input line 21.
 ("C:\Users\heide\AppData\Local\Programs\MiKTeX 2.9\tex/latex/hyperref\nameref.sty"
Package: nameref 2019/09/16 v2.46 Cross-referencing by name of section
 ("C:\Users\heide\AppData\Local\Programs\MiKTeX 2.9\tex/latex/refcount\refcount.sty"
Package: refcount 2019/12/15 v3.6 Data extraction from label references (HO)
) ("C:\Users\heide\AppData\Local\Programs\MiKTeX 2.9\tex/generic/gettitlestring\gettitlestring.sty"
Package: gettitlestring 2019/12/15 v1.6 Cleanup title references (HO)
)
\c@section@level=\count276
)
LaTeX Info: Redefining \ref on input line 21.
LaTeX Info: Redefining \pageref on input line 21.
LaTeX Info: Redefining \nameref on input line 21.
 ("c:/Users\heide\Desktop\ICG\Exposicion\Modelos de animacion\Modelos de animacion.out") ("c:/Users\heide\Desktop\ICG\Exposicion\Modelos de animacion\Modelos de animacion.out")
\@outlinefile=\write3
\openout3 = `"Modelos de animacion.out"'.

LaTeX Info: Redefining \microtypecontext on input line 21.
Package microtype Info: Generating PDF output.
Package microtype Info: Character protrusion enabled (level 2).
Package microtype Info: Using default protrusion set `alltext'.
Package microtype Info: Automatic font expansion enabled (level 2),
(microtype)             stretch: 20, shrink: 20, step: 1, non-selected.
Package microtype Info: Using default expansion set `basictext'.
LaTeX Info: Redefining \showhyphens on input line 21.
Package microtype Info: No adjustment of tracking.
Package microtype Info: No adjustment of interword spacing.
Package microtype Info: No adjustment of character kerning.
 ("C:\Users\heide\AppData\Local\Programs\MiKTeX 2.9\tex/latex/microtype\mt-cmr.cfg"
File: mt-cmr.cfg 2013/05/19 v2.2 microtype config. file: Computer Modern Roman (RS)
) ("C:\Users\heide\AppData\Local\Programs\MiKTeX 2.9\tex/context/base/mkii\supp-pdf.mkii"
[Loading MPS to PDF converter (version 2006.09.02).]
\scratchcounter=\count277
\scratchdimen=\dimen162
\scratchbox=\box51
\nofMPsegments=\count278
\nofMParguments=\count279
\everyMPshowfont=\toks29
\MPscratchCnt=\count280
\MPscratchDim=\dimen163
\MPnumerator=\count281
\makeMPintoPDFobject=\count282
\everyMPtoPDFconversion=\toks30
) ("C:\Users\heide\AppData\Local\Programs\MiKTeX 2.9\tex/latex/epstopdf-pkg\epstopdf-base.sty"
Package: epstopdf-base 2020-01-24 v2.11 Base part for package epstopdf
Package epstopdf-base Info: Redefining graphics rule for `.eps' on input line 485.
)
Package caption Info: Begin \AtBeginDocument code.
Package caption Info: End \AtBeginDocument code.
 ("C:\Users\heide\AppData\Local\Programs\MiKTeX 2.9\tex/latex/ucs\uni-0.def"
File: uni-0.def 2013/05/13 UCS: Unicode data U+0000..U+00FF
) [1

{C:/Users/heide/AppData/Local/MiKTeX/2.9/pdftex/config/pdftex.map}] ("c:/Users\heide\Desktop\ICG\Exposicion\Modelos de animacion\Modelos de animacion.toc"
LaTeX Info: Redefining \. on input line 1.
LaTeX Info: Redefining \% on input line 1.
 [1

])
\tf@toc=\write4
\openout4 = `"Modelos de animacion.toc"'.

pdfTeX warning (ext4): destination with the same identifier (name{page.}) has been already used, duplicate ignored
<to be read again> 
                   \relax 
l.41 \newpage
              [2]pdfTeX warning (ext4): destination with the same identifier (name{page.1}) has been already used, duplicate ignored
<to be read again> 
                   \relax 
l.72 \newpage
              [1

]
Cap\'{\i }tulo 1.
<Imagenes/Puigaudeau.jpeg, id=174, 304.2567pt x 246.6816pt>
File: Imagenes/Puigaudeau.jpeg Graphic file (type jpg)
<use Imagenes/Puigaudeau.jpeg>
Package pdftex.def Info: Imagenes/Puigaudeau.jpeg  used on input line 86.
(pdftex.def)             Requested size: 210.56873pt x 170.71652pt.
<Imagenes/Nang_Yai_puppet.jpg, id=175, 163.009pt x 240.9pt>
File: Imagenes/Nang_Yai_puppet.jpg Graphic file (type jpg)
<use Imagenes/Nang_Yai_puppet.jpg>
Package pdftex.def Info: Imagenes/Nang_Yai_puppet.jpg  used on input line 94.
(pdftex.def)             Requested size: 115.52078pt x 170.71652pt.
LaTeX Font Info:    Trying to load font information for U+lasy on input line 95.
("C:\Users\heide\AppData\Local\Programs\MiKTeX 2.9\tex/latex/base\ulasy.fd"
File: ulasy.fd 1998/08/17 v2.2e LaTeX symbol font definitions
) [2

 <c:/Users/heide/Desktop/ICG/Exposicion/Modelos de animacion/Imagenes/Puigaudeau.jpeg>]
<Imagenes/praxinoscope.png, id=184, 363.3575pt x 568.1225pt>
File: Imagenes/praxinoscope.png Graphic file (type png)
<use Imagenes/praxinoscope.png>
Package pdftex.def Info: Imagenes/praxinoscope.png  used on input line 119.
(pdftex.def)             Requested size: 109.1855pt x 170.71652pt.
 [3 <c:/Users/heide/Desktop/ICG/Exposicion/Modelos de animacion/Imagenes/Nang_Yai_puppet.jpg> <c:/Users/heide/Desktop/ICG/Exposicion/Modelos de animacion/Imagenes/praxinoscope.png (PNG copy)>]
Cap\'{\i }tulo 2.
<Imagenes/m5_director.jpg, id=193, 43.362pt x 67.6929pt>
File: Imagenes/m5_director.jpg Graphic file (type jpg)
<use Imagenes/m5_director.jpg>
Package pdftex.def Info: Imagenes/m5_director.jpg  used on input line 135.
(pdftex.def)             Requested size: 109.36407pt x 170.71652pt.
[4

 <c:/Users/heide/Desktop/ICG/Exposicion/Modelos de animacion/Imagenes/m5_director.jpg>] ("C:\Users\heide\AppData\Local\Programs\MiKTeX 2.9\tex/latex/ucs\uni-32.def"
File: uni-32.def 2013/05/13 UCS: Unicode data U+2000..U+20FF
)
<Imagenes/Vertigomovie.jpg, id=202, 52.998pt x 82.1469pt>
File: Imagenes/Vertigomovie.jpg Graphic file (type jpg)
<use Imagenes/Vertigomovie.jpg>
Package pdftex.def Info: Imagenes/Vertigomovie.jpg  used on input line 161.
(pdftex.def)             Requested size: 110.1475pt x 170.71652pt.
 [5 <c:/Users/heide/Desktop/ICG/Exposicion/Modelos de animacion/Imagenes/Vertigomovie.jpg>]
<Imagenes/sketch.png, id=210, 378.66469pt x 303.38344pt>
File: Imagenes/sketch.png Graphic file (type png)
<use Imagenes/sketch.png>
Package pdftex.def Info: Imagenes/sketch.png  used on input line 181.
(pdftex.def)             Requested size: 213.07925pt x 170.71652pt.
<Imagenes/computer_animated_hand.jpg, id=213, 1780.1242pt x 1087.85368pt>
File: Imagenes/computer_animated_hand.jpg Graphic file (type jpg)
<use Imagenes/computer_animated_hand.jpg>
Package pdftex.def Info: Imagenes/computer_animated_hand.jpg  used on input line 201.
(pdftex.def)             Requested size: 279.33887pt x 170.71652pt.
 [6 <c:/Users/heide/Desktop/ICG/Exposicion/Modelos de animacion/Imagenes/sketch.png>] [7 <c:/Users/heide/Desktop/ICG/Exposicion/Modelos de animacion/Imagenes/computer_animated_hand.jpg>]
<Imagenes/adam_powers_the_juggler.jpg, id=231, 476.78125pt x 576.1525pt>
File: Imagenes/adam_powers_the_juggler.jpg Graphic file (type jpg)
<use Imagenes/adam_powers_the_juggler.jpg>
Package pdftex.def Info: Imagenes/adam_powers_the_juggler.jpg  used on input line 234.
(pdftex.def)             Requested size: 141.2749pt x 170.71652pt.
<Imagenes/tron.png, id=233, 561.59813pt x 273.27094pt>
File: Imagenes/tron.png Graphic file (type png)
<use Imagenes/tron.png>
Package pdftex.def Info: Imagenes/tron.png  used on input line 254.
(pdftex.def)             Requested size: 350.84372pt x 170.71652pt.
 [8 <c:/Users/heide/Desktop/ICG/Exposicion/Modelos de animacion/Imagenes/adam_powers_the_juggler.jpg> <c:/Users/heide/Desktop/ICG/Exposicion/Modelos de animacion/Imagenes/tron.png>] [9]
<Imagenes/immersion_img.png, id=250, 350.81062pt x 399.74344pt>
File: Imagenes/immersion_img.png Graphic file (type png)
<use Imagenes/immersion_img.png>
Package pdftex.def Info: Imagenes/immersion_img.png  used on input line 286.
(pdftex.def)             Requested size: 249.70892pt x 284.52756pt.
 [10 <c:/Users/heide/Desktop/ICG/Exposicion/Modelos de animacion/Imagenes/immersion_img.png>]
<Imagenes/toy story.jpg, id=262, 647.41875pt x 965.6075pt>
File: Imagenes/toy story.jpg Graphic file (type jpg)
<use Imagenes/toy story.jpg>
Package pdftex.def Info: Imagenes/toy story.jpg  used on input line 337.
(pdftex.def)             Requested size: 190.76953pt x 284.52756pt.
<Imagenes/woody_sitting.png, id=263, 706.13812pt x 423.08063pt>
File: Imagenes/woody_sitting.png Graphic file (type png)
<use Imagenes/woody_sitting.png>
Package pdftex.def Info: Imagenes/woody_sitting.png  used on input line 345.
(pdftex.def)             Requested size: 284.92844pt x 170.71652pt.
 [11] [12 <c:/Users/heide/Desktop/ICG/Exposicion/Modelos de animacion/Imagenes/toy story.jpg> <c:/Users/heide/Desktop/ICG/Exposicion/Modelos de animacion/Imagenes/woody_sitting.png>]
Cap\'{\i }tulo 3.
<Imagenes/bouncing_ball.png, id=278, 328.22626pt x 345.54094pt>
File: Imagenes/bouncing_ball.png Graphic file (type png)
<use Imagenes/bouncing_ball.png>
Package pdftex.def Info: Imagenes/bouncing_ball.png  used on input line 384.
(pdftex.def)             Requested size: 162.16447pt x 170.71652pt.
[13

]
<Imagenes/donald_anticipation.png, id=286, 158.09062pt x 201.75375pt>
File: Imagenes/donald_anticipation.png Graphic file (type png)
<use Imagenes/donald_anticipation.png>
Package pdftex.def Info: Imagenes/donald_anticipation.png  used on input line 408.
(pdftex.def)             Requested size: 133.77217pt x 170.71652pt.
 [14 <c:/Users/heide/Desktop/ICG/Exposicion/Modelos de animacion/Imagenes/bouncing_ball.png>]
<Imagenes/the_country_cousin.png, id=296, 1078.0275pt x 348.55219pt>
File: Imagenes/the_country_cousin.png Graphic file (type png)
<use Imagenes/the_country_cousin.png>
Package pdftex.def Info: Imagenes/the_country_cousin.png  used on input line 432.
(pdftex.def)             Requested size: 528.00781pt x 170.71652pt.

Overfull \hbox (83.7134pt too wide) in paragraph at lines 431--436
[]|  [] 
 []


Overfull \hbox (5.8349pt too wide) in paragraph at lines 441--441
[]\OT1/cmr/bx/n/17.28 Animacion di-rec-ta y po-se a po-se (\OT1/cmr/bx/it/17.28 Straight
 []

[15 <c:/Users/heide/Desktop/ICG/Exposicion/Modelos de animacion/Imagenes/donald_anticipation.png>] [16 <c:/Users/heide/Desktop/ICG/Exposicion/Modelos de animacion/Imagenes/the_country_cousin.png>]
<Imagenes/el_guacho_goofy.png, id=312, 523.9575pt x 203.25937pt>
File: Imagenes/el_guacho_goofy.png Graphic file (type png)
<use Imagenes/el_guacho_goofy.png>
Package pdftex.def Info: Imagenes/el_guacho_goofy.png  used on input line 459.
(pdftex.def)             Requested size: 440.08133pt x 170.71652pt.

Overfull \hbox (24.23967pt too wide) in paragraph at lines 458--462
[]|  [] 
 []

[17 <c:/Users/heide/Desktop/ICG/Exposicion/Modelos de animacion/Imagenes/el_guacho_goofy.png>]
<Imagenes/enano_sabio.png, id=320, 566.86781pt x 370.38374pt>
File: Imagenes/enano_sabio.png Graphic file (type png)
<use Imagenes/enano_sabio.png>
Package pdftex.def Info: Imagenes/enano_sabio.png  used on input line 493.
(pdftex.def)             Requested size: 261.28134pt x 170.71652pt.
<Imagenes/moving_hold.png, id=322, 563.85657pt x 197.23688pt>
File: Imagenes/moving_hold.png Graphic file (type png)
<use Imagenes/moving_hold.png>
Package pdftex.def Info: Imagenes/moving_hold.png  used on input line 505.
(pdftex.def)             Requested size: 488.03897pt x 170.71652pt.

Overfull \hbox (43.74455pt too wide) in paragraph at lines 504--507
[]|  [] 
 []


Overfull \hbox (0.85365pt too wide) in paragraph at lines 514--514
[]\OT1/cmr/bx/n/17.28 Acelerar y des-ace-le-rar \OT1/cmr/bx/it/17.28 ``Slow in and slow
 []

[18 <c:/Users/heide/Desktop/ICG/Exposicion/Modelos de animacion/Imagenes/enano_sabio.png>] [19 <c:/Users/heide/Desktop/ICG/Exposicion/Modelos de animacion/Imagenes/moving_hold.png>]
<Imagenes/circular_hand.png, id=341, 451.6875pt x 302.63063pt>
File: Imagenes/circular_hand.png Graphic file (type png)
<use Imagenes/circular_hand.png>
Package pdftex.def Info: Imagenes/circular_hand.png  used on input line 545.
(pdftex.def)             Requested size: 254.80415pt x 170.71652pt.
 [20 <c:/Users/heide/Desktop/ICG/Exposicion/Modelos de animacion/Imagenes/circular_hand.png>]
<Imagenes/secundary_action.png, id=350, 510.40688pt x 477.28313pt>
File: Imagenes/secundary_action.png Graphic file (type png)
<use Imagenes/secundary_action.png>
Package pdftex.def Info: Imagenes/secundary_action.png  used on input line 570.
(pdftex.def)             Requested size: 365.12506pt x 341.43306pt.
 [21 <c:/Users/heide/Desktop/ICG/Exposicion/Modelos de animacion/Imagenes/secundary_action.png>]
<Imagenes/timming1.png, id=359, 498.36188pt x 117.43875pt>
File: Imagenes/timming1.png Graphic file (type png)
<use Imagenes/timming1.png>
Package pdftex.def Info: Imagenes/timming1.png  used on input line 627.
(pdftex.def)             Requested size: 362.22704pt x 85.35826pt.
<Imagenes/timming2.png, id=360, 516.42938pt x 106.89937pt>
File: Imagenes/timming2.png Graphic file (type png)
<use Imagenes/timming2.png>
Package pdftex.def Info: Imagenes/timming2.png  used on input line 628.
(pdftex.def)             Requested size: 412.36394pt x 85.35826pt.

Overfull \hbox (22.36394pt too wide) in paragraph at lines 627--629
 [] 
 []

[22]
<Imagenes/exageration.png, id=368, 225.84375pt x 229.60782pt>
File: Imagenes/exageration.png Graphic file (type png)
<use Imagenes/exageration.png>
Package pdftex.def Info: Imagenes/exageration.png  used on input line 654.
(pdftex.def)             Requested size: 167.92468pt x 170.71652pt.
 [23 <c:/Users/heide/Desktop/ICG/Exposicion/Modelos de animacion/Imagenes/timming1.png> <c:/Users/heide/Desktop/ICG/Exposicion/Modelos de animacion/Imagenes/timming2.png>]
<Imagenes/wooden_character.png, id=377, 484.05844pt x 261.22594pt>
File: Imagenes/wooden_character.png Graphic file (type png)
<use Imagenes/wooden_character.png>
Package pdftex.def Info: Imagenes/wooden_character.png  used on input line 672.
(pdftex.def)             Requested size: 316.34784pt x 170.71652pt.
 [24 <c:/Users/heide/Desktop/ICG/Exposicion/Modelos de animacion/Imagenes/exageration.png> <c:/Users/heide/Desktop/ICG/Exposicion/Modelos de animacion/Imagenes/wooden_character.png>]
<Imagenes/sleeping_beauty.png, id=388, 264.99pt x 268.00125pt>
File: Imagenes/sleeping_beauty.png Graphic file (type png)
<use Imagenes/sleeping_beauty.png>
Package pdftex.def Info: Imagenes/sleeping_beauty.png  used on input line 696.
(pdftex.def)             Requested size: 168.79646pt x 170.71652pt.
 [25 <c:/Users/heide/Desktop/ICG/Exposicion/Modelos de animacion/Imagenes/sleeping_beauty.png>]
Cap\'{\i }tulo 4.
[26

]
<Imagenes/interpolation_1.png, id=413, 463.7325pt x 289.83281pt>
File: Imagenes/interpolation_1.png Graphic file (type png)
<use Imagenes/interpolation_1.png>
Package pdftex.def Info: Imagenes/interpolation_1.png  used on input line 759.
(pdftex.def)             Requested size: 273.14693pt x 170.71652pt.
<Imagenes/interpolation_2.png, id=414, 386.19281pt x 207.02344pt>
File: Imagenes/interpolation_2.png Graphic file (type png)
<use Imagenes/interpolation_2.png>
Package pdftex.def Info: Imagenes/interpolation_2.png  used on input line 767.
(pdftex.def)             Requested size: 318.47156pt x 170.71652pt.
<Imagenes/interpolation_3.png, id=415, 297.36093pt x 166.37157pt>
File: Imagenes/interpolation_3.png Graphic file (type png)
<use Imagenes/interpolation_3.png>
Package pdftex.def Info: Imagenes/interpolation_3.png  used on input line 775.
(pdftex.def)             Requested size: 305.1463pt x 170.71652pt.
 [27 <c:/Users/heide/Desktop/ICG/Exposicion/Modelos de animacion/Imagenes/interpolation_1.png>]
Overfull \hbox (1.93927pt too wide) in paragraph at lines 785--787
[]\OT1/cmr/m/n/12 (-20) La cap-tu-ra de mo-vi-mien-to tie-ne sus ini-cios con los tra-ba-jos de Blader[[]][[]]
 []

<Imagenes/motion_capture.jpg, id=436, 948.54375pt x 409.53pt>
File: Imagenes/motion_capture.jpg Graphic file (type jpg)
<use Imagenes/motion_capture.jpg>
Package pdftex.def Info: Imagenes/motion_capture.jpg  used on input line 802.
(pdftex.def)             Requested size: 395.41856pt x 170.71652pt.

Overfull \hbox (5.41856pt too wide) in paragraph at lines 802--803
 [][] 
 []

[28 <c:/Users/heide/Desktop/ICG/Exposicion/Modelos de animacion/Imagenes/interpolation_2.png>] [29 <c:/Users/heide/Desktop/ICG/Exposicion/Modelos de animacion/Imagenes/interpolation_3.png> <c:/Users/heide/Desktop/ICG/Exposicion/Modelos de animacion/Imagenes/motion_capture.jpg>]
Cap\'{\i }tulo 5.
[30

]
<Imagenes/fluid_animation.jpeg, id=471, 752.8125pt x 423.5825pt>
File: Imagenes/fluid_animation.jpeg Graphic file (type jpg)
<use Imagenes/fluid_animation.jpeg>
Package pdftex.def Info: Imagenes/fluid_animation.jpeg  used on input line 851.
(pdftex.def)             Requested size: 303.40556pt x 170.71652pt.
 [31 <c:/Users/heide/Desktop/ICG/Exposicion/Modelos de animacion/Imagenes/fluid_animation.jpeg>]
Cap\'{\i }tulo 6.
<Imagenes/agregate_fig.png, id=482, 997.47656pt x 210.7875pt>
File: Imagenes/agregate_fig.png Graphic file (type png)
<use Imagenes/agregate_fig.png>
Package pdftex.def Info: Imagenes/agregate_fig.png  used on input line 872.
(pdftex.def)             Requested size: 538.58366pt x 113.81102pt.

Overfull \hbox (80.06287pt too wide) in paragraph at lines 871--874
[]|  [] 
 []

[32

] [33 <c:/Users/heide/Desktop/ICG/Exposicion/Modelos de animacion/Imagenes/agregate_fig.png>]
Cap\'{\i }tulo 7.
[34

] [35

]
Underfull \hbox (badness 1902) in paragraph at lines 925--926
[]\OT1/cmr/m/n/12 (+20) NAIMARK, M., WOOD-FILL, J., DE-BE-VEC, P., AND VI-
 []


Underfull \hbox (badness 2865) in paragraph at lines 925--926
\OT1/cmr/m/n/12 (+20) LLA-REAL, L. Im-mer-sion '94. Con-sul-ta-do Mar-zo 20, 2020,
 []

[36] [37]
Package atveryend Info: Empty hook `BeforeClearDocument' on input line 956.
 [38]
Package atveryend Info: Empty hook `AfterLastShipout' on input line 956.
 ("c:/Users\heide\Desktop\ICG\Exposicion\Modelos de animacion\Modelos de animacion.aux"
LaTeX Info: Redefining \. on input line 24.
LaTeX Info: Redefining \% on input line 24.
)
Package atveryend Info: Executing hook `AtVeryEndDocument' on input line 956.
Package atveryend Info: Executing hook `AtEndAfterFileList' on input line 956.
Package rerunfilecheck Info: File `"Modelos de animacion".out' has not changed.
(rerunfilecheck)             Checksum: 6D0F9E3DB368D3D80279D090B376CC55;2217.
Package atveryend Info: Empty hook `AtVeryVeryEnd' on input line 956.
 ) 
Here is how much of TeX's memory you used:
 11651 strings out of 481545
 185690 string characters out of 2913488
 495957 words of memory out of 3000000
 26390 multiletter control sequences out of 15000+200000
 545258 words of font info for 131 fonts, out of 3000000 for 9000
 1141 hyphenation exceptions out of 8191
 41i,6n,51p,1740b,670s stack positions out of 5000i,500n,10000p,200000b,50000s
<C:/Users/heide/AppData/Local/Programs/MiKTeX 2.9/fonts/type1/public/amsfonts/cm/cmbx12.pfb><C:/Users/heide/AppData/Local/Programs/MiKTeX 2.9/fonts/type1/public/amsfonts/cm/cmbxti10.pfb><C:/Users/heide/AppData/Local/Programs/MiKTeX 2.9/fonts/type1/public/amsfonts/cm/cmmi12.pfb><C:/Users/heide/AppData/Local/Programs/MiKTeX 2.9/fonts/type1/public/amsfonts/cm/cmmi8.pfb><C:/Users/heide/AppData/Local/Programs/MiKTeX 2.9/fonts/type1/public/amsfonts/cm/cmr10.pfb><C:/Users/heide/AppData/Local/Programs/MiKTeX 2.9/fonts/type1/public/amsfonts/cm/cmr12.pfb><C:/Users/heide/AppData/Local/Programs/MiKTeX 2.9/fonts/type1/public/amsfonts/cm/cmr8.pfb><C:/Users/heide/AppData/Local/Programs/MiKTeX 2.9/fonts/type1/public/amsfonts/cm/cmsy10.pfb><C:/Users/heide/AppData/Local/Programs/MiKTeX 2.9/fonts/type1/public/amsfonts/cm/cmti10.pfb><C:/Users/heide/AppData/Local/Programs/MiKTeX 2.9/fonts/type1/public/amsfonts/cm/cmti12.pfb><C:/Users/heide/AppData/Local/Programs/MiKTeX 2.9/fonts/type1/public/amsfonts/latxfont/lasy10.pfb>
Output written on "c:/Users\heide\Desktop\ICG\Exposicion\Modelos de animacion\Modelos de animacion.pdf" (41 pages, 6737100 bytes).
PDF statistics:
 597 PDF objects out of 1000 (max. 8388607)
 146 named destinations out of 1000 (max. 500000)
 17796 words of extra memory for PDF output out of 20736 (max. 10000000)

